SF:lib\models\note.dart
DA:10,1
LF:1
LH:1
end_of_record
SF:lib\models\user.dart
DA:8,2
LF:1
LH:1
end_of_record
SF:lib\services\user_service.dart
DA:11,1
DA:12,3
DA:13,1
DA:14,1
DA:15,1
DA:18,2
DA:20,2
DA:21,1
DA:22,2
DA:27,2
DA:30,2
DA:31,6
DA:32,2
DA:33,2
DA:36,2
DA:38,2
DA:39,1
DA:40,1
DA:41,2
DA:42,2
DA:47,2
DA:50,0
DA:51,0
DA:52,0
DA:57,0
DA:58,0
DA:59,0
DA:60,0
DA:61,0
DA:62,0
DA:63,0
DA:64,0
DA:65,0
DA:67,0
DA:68,0
DA:69,0
DA:70,0
DA:71,0
DA:72,0
DA:77,0
DA:78,0
LF:41
LH:21
end_of_record
SF:lib\utils\base_api.dart
DA:10,2
DA:15,0
DA:17,0
DA:18,0
DA:21,2
DA:23,3
DA:24,3
DA:27,0
DA:29,0
DA:30,0
DA:33,0
DA:35,0
DA:36,0
DA:39,0
DA:41,0
DA:42,0
DA:45,0
DA:52,0
DA:53,0
DA:54,0
DA:56,0
DA:57,0
DA:60,0
DA:63,0
DA:64,0
DA:66,0
DA:69,0
DA:72,10
DA:74,2
DA:76,2
DA:77,1
DA:82,0
DA:83,0
DA:84,0
DA:87,1
DA:93,0
DA:99,1
DA:100,1
LF:38
LH:11
end_of_record
SF:lib\bloc\arus_kas_bloc\arus_kas_state.dart
DA:11,1
DA:16,1
LF:2
LH:2
end_of_record
SF:lib\bloc\arus_kas_bloc\arus_kas_bloc.dart
DA:10,0
DA:11,0
DA:12,0
DA:14,0
DA:15,0
DA:17,0
LF:6
LH:0
end_of_record
SF:lib\widgets\modals\notes_section_modal.dart
DA:6,0
DA:8,0
DA:11,0
DA:13,0
DA:17,0
DA:18,0
DA:20,0
DA:22,0
DA:30,0
DA:32,0
DA:35,0
DA:37,0
DA:43,0
LF:13
LH:0
end_of_record
SF:lib\widgets\modals\help_center_modal.dart
DA:4,4
DA:6,0
DA:8,0
LF:3
LH:1
end_of_record
SF:lib\widgets\modals\add_note_modal.dart
DA:6,0
DA:8,0
DA:9,0
DA:23,0
DA:25,0
DA:27,0
DA:29,0
DA:31,0
DA:32,0
DA:34,0
DA:35,0
DA:36,0
DA:39,0
DA:40,0
DA:41,0
DA:42,0
DA:43,0
DA:46,0
DA:47,0
DA:48,0
DA:49,0
DA:50,0
DA:52,0
DA:53,0
DA:57,0
DA:59,0
DA:62,0
DA:65,0
DA:67,0
DA:68,0
DA:69,0
DA:74,0
DA:75,0
DA:76,0
DA:77,0
DA:78,0
DA:84,0
DA:85,0
DA:89,0
DA:90,0
DA:91,0
DA:96,0
DA:97,0
DA:98,0
DA:99,0
DA:100,0
DA:101,0
DA:102,0
DA:105,0
DA:109,0
DA:110,0
DA:111,0
DA:115,0
DA:116,0
DA:119,0
DA:120,0
DA:125,0
DA:127,0
DA:129,0
DA:135,0
DA:137,0
DA:140,0
DA:141,0
DA:142,0
DA:144,0
DA:145,0
DA:146,0
DA:147,0
DA:148,0
DA:149,0
DA:159,0
DA:167,0
DA:168,0
DA:169,0
DA:170,0
DA:180,0
DA:193,0
DA:194,0
DA:196,0
DA:197,0
DA:198,0
DA:200,0
DA:202,0
DA:203,0
DA:204,0
DA:207,0
DA:211,0
DA:213,0
DA:214,0
DA:215,0
DA:217,0
DA:219,0
DA:220,0
DA:222,0
DA:224,0
DA:226,0
DA:227,0
DA:234,0
DA:235,0
DA:236,0
DA:238,0
DA:239,0
DA:240,0
DA:242,0
DA:243,0
DA:247,0
DA:250,0
DA:252,0
DA:253,0
DA:260,0
DA:262,0
DA:264,0
DA:266,0
DA:275,0
DA:278,0
DA:279,0
DA:283,0
DA:284,0
DA:285,0
DA:286,0
DA:287,0
DA:288,0
DA:289,0
DA:290,0
DA:291,0
DA:292,0
DA:303,0
DA:305,0
DA:307,0
DA:309,0
DA:318,0
DA:321,0
DA:322,0
DA:326,0
DA:327,0
DA:328,0
DA:336,0
DA:337,0
DA:338,0
DA:342,0
DA:343,0
DA:347,0
DA:348,0
DA:352,0
DA:353,0
DA:354,0
DA:356,0
DA:358,0
DA:369,0
DA:370,0
DA:371,0
DA:373,0
DA:374,0
DA:375,0
DA:386,0
DA:388,0
DA:390,0
DA:392,0
DA:402,0
DA:403,0
DA:406,0
DA:407,0
DA:409,0
DA:410,0
DA:411,0
DA:414,0
DA:422,0
DA:424,0
DA:425,0
DA:426,0
DA:430,0
DA:453,4
DA:455,0
DA:457,0
DA:461,0
DA:462,0
DA:464,0
DA:465,0
LF:178
LH:1
end_of_record
SF:lib\widgets\home_widgets\arus_kas_widget.dart
DA:4,1
DA:6,1
DA:8,1
DA:10,1
DA:11,1
DA:12,1
DA:19,1
DA:20,1
DA:21,1
DA:23,3
DA:26,1
DA:27,1
DA:28,2
DA:29,1
DA:30,1
DA:32,1
DA:33,2
DA:34,1
DA:36,1
DA:38,2
DA:40,1
DA:42,1
DA:44,1
DA:45,1
DA:47,1
DA:48,1
DA:49,1
DA:50,1
DA:51,1
DA:52,1
DA:57,1
DA:58,3
DA:59,1
DA:60,4
DA:61,4
DA:66,1
DA:68,1
DA:70,2
DA:74,1
DA:75,1
DA:76,1
DA:79,1
DA:85,1
DA:87,1
DA:89,2
DA:93,1
DA:94,1
DA:95,1
DA:96,1
DA:98,1
LF:50
LH:50
end_of_record
SF:lib\widgets\modals\categories_selection_modal.dart
DA:6,0
DA:71,0
DA:73,0
DA:77,0
DA:78,0
DA:80,0
DA:82,0
DA:87,0
DA:89,0
DA:92,0
DA:94,0
DA:95,0
DA:96,0
DA:97,0
DA:98,0
DA:99,0
DA:100,0
DA:102,0
DA:103,0
DA:104,0
LF:20
LH:0
end_of_record
SF:lib\widgets\modals\voice_record_modal.dart
DA:4,4
DA:6,0
DA:7,0
DA:15,0
DA:17,0
DA:18,0
DA:21,0
DA:22,0
DA:23,0
DA:24,0
DA:25,0
DA:28,0
DA:32,0
DA:33,0
DA:34,0
DA:35,0
DA:41,0
DA:44,0
DA:45,0
DA:46,0
DA:49,0
DA:50,0
DA:53,0
DA:55,0
DA:56,0
DA:57,0
DA:59,0
DA:60,0
DA:63,0
DA:66,0
DA:70,0
DA:72,0
DA:74,0
DA:78,0
DA:79,0
DA:81,0
DA:83,0
DA:94,0
DA:96,0
DA:99,0
DA:100,0
DA:101,0
DA:103,0
DA:104,0
DA:105,0
DA:106,0
DA:108,0
DA:127,0
DA:128,0
DA:141,0
DA:143,0
DA:144,0
DA:147,0
DA:148,0
DA:149,0
DA:156,0
DA:157,0
DA:158,0
DA:159,0
DA:160,0
DA:163,0
DA:164,0
DA:166,0
DA:167,0
DA:183,0
DA:184,0
DA:192,0
DA:194,0
DA:196,0
DA:199,0
DA:201,0
DA:202,0
LF:72
LH:1
end_of_record
SF:lib\widgets\modals\notification_settings_modal.dart
DA:4,4
DA:6,0
DA:8,0
DA:15,0
DA:17,0
DA:19,0
DA:23,0
DA:25,0
DA:26,0
DA:27,0
DA:28,0
DA:33,0
DA:35,0
DA:36,0
DA:37,0
DA:38,0
LF:16
LH:1
end_of_record
SF:lib\widgets\modals\add_wallet_modal.dart
DA:4,4
DA:6,0
DA:7,0
DA:15,0
DA:16,0
DA:18,0
DA:20,0
DA:21,0
DA:28,0
DA:31,0
DA:35,0
DA:37,0
DA:38,0
DA:41,0
DA:42,0
DA:43,0
DA:44,0
DA:51,0
DA:54,0
DA:55,0
DA:58,0
DA:62,0
DA:64,0
DA:65,0
DA:69,0
DA:76,0
DA:78,0
DA:84,0
DA:85,0
DA:86,0
DA:89,0
DA:90,0
DA:93,0
DA:95,0
DA:103,0
DA:104,0
DA:111,0
DA:112,0
DA:114,0
DA:115,0
DA:116,0
DA:118,0
DA:121,0
DA:122,0
DA:125,0
DA:127,0
DA:135,0
DA:136,0
DA:143,0
DA:145,0
DA:146,0
DA:147,0
DA:151,0
LF:53
LH:1
end_of_record
SF:lib\widgets\input\input_password.dart
DA:9,1
DA:15,1
DA:17,1
DA:18,1
DA:25,1
DA:26,2
DA:27,5
DA:28,5
DA:32,0
DA:33,0
DA:34,0
DA:38,1
DA:40,1
DA:41,4
DA:44,1
DA:46,4
DA:47,1
DA:50,1
DA:52,1
DA:54,1
DA:55,1
DA:56,1
DA:57,1
DA:58,2
DA:61,2
DA:62,1
DA:69,1
DA:70,2
DA:71,2
DA:72,2
DA:73,1
DA:75,1
DA:77,1
DA:78,1
DA:81,1
DA:82,1
DA:85,1
DA:86,1
DA:89,1
DA:90,1
DA:93,1
DA:94,1
DA:95,1
DA:96,1
DA:99,1
LF:45
LH:42
end_of_record
SF:lib\widgets\modals\term_condition_modal.dart
DA:4,4
DA:6,0
DA:8,0
LF:3
LH:1
end_of_record
SF:lib\widgets\input\input_date.dart
DA:20,0
DA:37,0
DA:39,0
DA:40,0
DA:44,0
DA:45,0
DA:47,0
DA:49,0
DA:50,0
DA:56,0
DA:57,0
DA:62,0
DA:64,0
DA:65,0
DA:66,0
DA:71,0
DA:72,0
DA:74,0
DA:75,0
DA:82,0
DA:83,0
DA:85,0
DA:92,0
DA:93,0
DA:94,0
DA:95,0
DA:96,0
DA:97,0
DA:100,0
DA:101,0
DA:106,0
DA:108,0
DA:110,0
DA:111,0
DA:112,0
DA:114,0
DA:119,0
DA:121,0
DA:123,0
DA:124,0
DA:125,0
DA:126,0
DA:127,0
DA:128,0
DA:129,0
DA:133,0
DA:134,0
DA:141,0
DA:142,0
DA:143,0
DA:145,0
DA:146,0
DA:147,0
DA:149,0
DA:150,0
DA:152,0
DA:153,0
DA:154,0
DA:155,0
DA:156,0
DA:160,0
DA:161,0
DA:162,0
DA:166,0
DA:167,0
DA:168,0
DA:172,0
DA:173,0
DA:174,0
DA:178,0
DA:179,0
DA:180,0
DA:181,0
DA:182,0
DA:183,0
LF:75
LH:0
end_of_record
SF:lib\widgets\input\input_text_area.dart
DA:14,0
DA:25,0
DA:27,0
DA:28,0
DA:34,0
DA:36,0
DA:38,0
DA:40,0
DA:41,0
DA:45,0
DA:47,0
DA:48,0
DA:50,0
DA:53,0
DA:55,0
DA:57,0
DA:58,0
DA:59,0
DA:60,0
DA:61,0
DA:62,0
DA:65,0
DA:66,0
DA:73,0
DA:74,0
DA:75,0
DA:76,0
DA:77,0
DA:78,0
DA:79,0
DA:80,0
DA:82,0
DA:85,0
DA:86,0
DA:87,0
DA:88,0
DA:92,0
DA:93,0
DA:94,0
DA:98,0
DA:99,0
DA:100,0
DA:104,0
DA:105,0
DA:106,0
DA:111,0
LF:46
LH:0
end_of_record
SF:lib\widgets\home_widgets\chart_tren_widget.dart
DA:4,1
DA:6,1
DA:7,1
DA:13,1
DA:16,1
DA:18,1
DA:19,2
DA:21,1
DA:23,1
DA:25,1
DA:26,1
DA:28,1
DA:29,1
DA:30,1
DA:31,1
DA:32,1
DA:33,1
DA:34,1
DA:35,1
DA:40,0
DA:42,0
DA:46,3
DA:51,4
DA:52,1
DA:53,1
DA:54,1
DA:55,3
DA:56,1
DA:57,1
DA:58,1
DA:59,1
DA:66,1
DA:68,1
DA:69,1
DA:70,1
DA:72,1
DA:73,3
DA:74,1
DA:75,2
DA:78,1
DA:80,4
DA:81,1
DA:82,4
DA:84,1
DA:85,1
DA:86,3
DA:88,2
DA:89,3
DA:90,1
DA:91,2
DA:96,2
DA:97,2
DA:98,1
DA:103,1
DA:105,4
DA:106,4
DA:107,1
DA:110,3
DA:111,4
DA:114,1
DA:115,1
DA:117,3
DA:119,1
DA:120,1
DA:123,1
DA:124,2
DA:125,1
DA:126,1
DA:128,1
DA:129,1
DA:130,1
DA:132,2
DA:133,1
DA:134,1
DA:135,3
DA:137,1
DA:138,1
DA:139,2
DA:140,4
DA:146,1
DA:147,1
DA:149,1
DA:151,2
DA:152,3
DA:156,1
DA:157,1
DA:158,1
DA:159,1
DA:161,1
DA:162,1
DA:164,1
DA:165,0
DA:166,1
DA:167,1
DA:168,1
DA:171,0
DA:172,0
DA:173,0
DA:174,0
DA:179,0
DA:183,1
DA:184,1
DA:188,2
DA:189,1
DA:191,1
DA:192,1
DA:193,1
DA:194,1
DA:205,1
DA:207,1
DA:208,1
DA:209,1
DA:210,1
DA:213,2
LF:114
LH:106
end_of_record
SF:lib\widgets\home_widgets\header_wallet_widget.dart
DA:4,0
DA:6,0
DA:8,0
DA:9,0
DA:10,0
DA:11,0
DA:12,0
DA:13,0
DA:17,0
DA:19,0
DA:20,0
DA:29,0
DA:32,0
DA:33,0
DA:34,0
DA:35,0
DA:36,0
DA:38,0
DA:47,0
DA:60,0
DA:62,0
DA:64,0
DA:65,0
DA:66,0
DA:67,0
DA:69,0
DA:70,0
DA:71,0
DA:78,0
DA:81,0
DA:84,0
DA:85,0
DA:86,0
DA:87,0
DA:88,0
DA:93,0
DA:95,0
DA:97,0
DA:98,0
DA:100,0
DA:103,0
DA:124,0
DA:125,0
DA:126,0
DA:127,0
DA:129,0
DA:130,0
DA:131,0
DA:135,0
DA:138,0
DA:140,0
DA:142,0
DA:144,0
DA:145,0
DA:147,0
DA:149,0
DA:155,0
DA:156,0
DA:164,0
DA:167,0
DA:168,0
DA:172,0
LF:62
LH:0
end_of_record
SF:lib\widgets\home_widgets\wallet_trend_chart.dart
DA:4,4
DA:6,0
DA:9,0
DA:11,0
DA:12,0
DA:14,0
DA:16,0
DA:18,0
DA:19,0
DA:20,0
DA:21,0
DA:22,0
DA:23,0
DA:25,0
DA:26,0
DA:27,0
DA:28,0
DA:29,0
DA:30,0
DA:31,0
DA:32,0
DA:39,0
DA:41,0
DA:42,0
DA:43,0
DA:45,0
DA:46,0
DA:47,0
DA:48,0
DA:49,0
DA:53,0
DA:54,0
DA:55,0
DA:57,0
DA:59,0
DA:62,0
DA:63,0
DA:64,0
DA:65,0
DA:66,0
DA:69,0
DA:70,0
DA:73,0
DA:74,0
DA:76,0
DA:79,0
DA:82,0
DA:83,0
DA:84,0
DA:85,0
DA:87,0
DA:88,0
DA:89,0
DA:92,0
DA:93,0
DA:94,0
DA:97,0
DA:98,0
DA:101,0
DA:107,0
DA:108,0
DA:111,0
DA:112,0
DA:113,0
DA:117,0
DA:118,0
DA:119,0
DA:120,0
DA:122,0
DA:123,0
DA:125,0
DA:126,0
DA:127,0
DA:128,0
DA:129,0
DA:134,0
DA:135,0
DA:136,0
DA:137,0
DA:144,0
DA:148,0
DA:149,0
DA:153,0
DA:154,0
DA:156,0
DA:157,0
DA:158,0
DA:160,0
DA:171,0
DA:172,0
DA:173,0
DA:176,0
LF:92
LH:1
end_of_record
SF:lib\widgets\payment_planning_item.dart
DA:6,0
DA:8,0
DA:9,0
DA:13,0
DA:15,0
DA:16,0
DA:17,0
DA:18,0
DA:20,0
DA:21,0
DA:22,0
DA:23,0
DA:26,0
DA:27,0
DA:28,0
DA:29,0
DA:30,0
DA:31,0
DA:33,0
DA:35,0
DA:38,0
DA:40,0
DA:41,0
DA:42,0
DA:43,0
DA:44,0
DA:45,0
DA:47,0
DA:48,0
DA:49,0
DA:51,0
DA:52,0
DA:53,0
DA:59,0
DA:61,0
DA:62,0
DA:63,0
DA:64,0
DA:66,0
DA:67,0
DA:68,0
LF:41
LH:0
end_of_record
SF:lib\widgets\button.dart
DA:14,1
DA:25,1
DA:27,0
DA:29,1
DA:31,1
DA:32,1
DA:33,1
DA:34,1
DA:35,2
DA:36,1
DA:37,2
DA:38,1
DA:39,1
DA:40,4
DA:43,1
DA:45,1
DA:46,1
DA:47,1
DA:48,1
DA:49,1
DA:50,1
DA:51,1
DA:54,1
LF:23
LH:22
end_of_record
SF:lib\widgets\loading.dart
DA:6,2
DA:8,1
DA:10,1
DA:12,1
DA:13,1
DA:15,1
DA:20,1
DA:21,1
LF:8
LH:8
end_of_record
SF:lib\widgets\dots_indicator.dart
DA:11,0
DA:21,0
DA:23,0
DA:25,0
DA:26,0
DA:27,0
DA:32,0
DA:33,0
DA:34,0
DA:35,0
DA:36,0
DA:38,0
DA:40,0
LF:13
LH:0
end_of_record
SF:lib\widgets\modals\change_password_modal.dart
DA:4,4
DA:6,0
DA:8,0
DA:9,0
DA:11,0
DA:13,0
DA:15,0
DA:19,0
DA:28,0
DA:37,0
DA:46,0
DA:47,0
DA:50,0
LF:13
LH:1
end_of_record
SF:lib\widgets\modals\wallet_selection_page.dart
DA:6,0
DA:11,0
DA:13,0
DA:17,0
DA:18,0
DA:20,0
DA:21,0
DA:26,0
DA:28,0
DA:31,0
DA:32,0
DA:33,0
DA:35,0
DA:36,0
DA:38,0
DA:39,0
DA:40,0
DA:41,0
DA:42,0
DA:43,0
DA:45,0
DA:46,0
DA:47,0
DA:52,0
DA:53,0
LF:25
LH:0
end_of_record
SF:lib\widgets\modals\edit_wallet_modal.dart
DA:6,0
DA:8,0
DA:9,0
DA:18,0
DA:19,0
DA:20,0
DA:21,0
DA:23,0
DA:24,0
DA:31,0
DA:32,0
DA:33,0
DA:35,0
DA:38,0
DA:39,0
DA:40,0
DA:41,0
DA:45,0
DA:46,0
DA:47,0
DA:48,0
DA:49,0
DA:50,0
DA:51,0
DA:55,0
DA:57,0
DA:58,0
DA:61,0
DA:63,0
DA:64,0
DA:65,0
DA:66,0
DA:69,0
DA:71,0
DA:72,0
DA:76,0
DA:77,0
DA:78,0
DA:83,0
DA:84,0
DA:85,0
DA:86,0
DA:87,0
DA:88,0
DA:89,0
DA:93,0
DA:100,0
DA:101,0
DA:102,0
DA:104,0
DA:111,0
DA:112,0
DA:113,0
DA:116,0
DA:117,0
DA:120,0
DA:122,0
DA:130,0
DA:131,0
DA:139,0
DA:140,0
DA:142,0
DA:143,0
DA:144,0
DA:146,0
DA:149,0
DA:150,0
DA:153,0
DA:155,0
DA:163,0
DA:164,0
DA:172,0
DA:173,0
DA:174,0
DA:175,0
DA:176,0
DA:180,0
DA:186,0
DA:187,0
DA:188,0
DA:189,0
DA:203,0
DA:204,0
DA:213,0
DA:214,0
DA:215,0
DA:216,0
DA:217,0
DA:218,0
LF:89
LH:0
end_of_record
SF:lib\widgets\input\input.dart
DA:19,1
DA:35,1
DA:37,1
DA:38,1
DA:44,1
DA:46,1
DA:47,0
DA:48,1
DA:49,0
DA:50,1
DA:53,1
DA:57,1
DA:59,1
DA:61,3
DA:63,2
DA:64,0
DA:68,1
DA:70,2
DA:71,0
DA:73,1
DA:76,1
DA:78,1
DA:80,1
DA:81,1
DA:82,1
DA:83,1
DA:84,2
DA:85,3
DA:87,4
DA:88,1
DA:95,1
DA:96,2
DA:97,1
DA:98,2
DA:99,2
DA:100,2
DA:101,5
DA:102,1
DA:103,2
DA:104,2
DA:107,2
DA:109,2
DA:110,1
DA:111,1
DA:115,2
DA:116,1
DA:117,1
DA:121,2
DA:122,1
DA:123,1
DA:127,2
DA:128,1
DA:129,1
DA:134,2
DA:135,2
DA:136,1
DA:137,7
LF:57
LH:53
end_of_record
SF:lib\widgets\modals\scan_modal.dart
DA:4,4
DA:6,0
DA:7,0
DA:18,0
DA:20,0
DA:21,0
DA:24,0
DA:25,0
DA:27,0
DA:28,0
DA:30,0
DA:34,0
DA:35,0
DA:38,0
DA:39,0
DA:40,0
DA:43,0
DA:44,0
DA:47,0
DA:48,0
DA:49,0
DA:53,0
DA:54,0
DA:55,0
DA:56,0
DA:57,0
DA:60,0
DA:64,0
DA:65,0
DA:66,0
DA:67,0
DA:68,0
DA:69,0
DA:72,0
DA:73,0
DA:74,0
DA:75,0
DA:78,0
DA:80,0
DA:81,0
DA:84,0
DA:85,0
DA:88,0
DA:91,0
DA:92,0
DA:95,0
DA:96,0
DA:99,0
DA:102,0
DA:103,0
DA:104,0
DA:109,0
DA:111,0
DA:116,0
DA:117,0
DA:119,0
DA:120,0
DA:123,0
DA:124,0
DA:125,0
DA:126,0
DA:127,0
DA:129,0
DA:134,0
DA:135,0
DA:137,0
DA:138,0
DA:140,0
DA:141,0
DA:142,0
DA:143,0
DA:147,0
DA:149,0
DA:150,0
DA:151,0
DA:152,0
DA:153,0
DA:157,0
DA:161,0
DA:162,0
DA:165,0
DA:170,0
DA:173,0
DA:176,0
LF:84
LH:1
end_of_record
SF:lib\widgets\home_widgets\wallet_transaction_history_widget.dart
DA:5,0
DA:7,0
DA:9,0
DA:10,0
DA:11,0
DA:13,0
DA:14,0
DA:16,0
DA:22,0
DA:23,0
DA:24,0
DA:26,0
DA:27,0
DA:30,0
DA:32,0
DA:33,0
DA:34,0
DA:36,0
DA:38,0
DA:39,0
DA:42,0
DA:46,0
DA:49,0
DA:53,0
DA:55,0
DA:56,0
DA:64,0
DA:67,0
DA:68,0
DA:71,0
DA:72,0
DA:76,0
DA:80,0
DA:84,0
DA:88,0
DA:92,0
DA:96,0
DA:100,0
DA:104,0
DA:108,0
DA:112,0
DA:116,0
DA:125,0
DA:126,0
DA:127,0
DA:129,0
DA:131,0
DA:133,0
DA:134,0
DA:136,0
DA:137,0
DA:138,0
DA:139,0
DA:145,0
DA:146,0
DA:147,0
DA:148,0
DA:150,0
DA:152,0
DA:153,0
DA:156,0
DA:157,0
DA:158,0
DA:163,0
LF:64
LH:0
end_of_record
SF:lib\widgets\home_widgets\planned_payment_dash_widget.dart
DA:4,0
DA:6,0
DA:8,0
DA:10,0
DA:11,0
DA:12,0
DA:14,0
DA:15,0
DA:16,0
DA:17,0
DA:19,0
DA:21,0
DA:23,0
DA:25,0
DA:27,0
DA:28,0
DA:30,0
DA:31,0
DA:32,0
DA:33,0
DA:34,0
DA:35,0
DA:39,0
DA:40,0
DA:41,0
DA:43,0
DA:48,0
DA:49,0
DA:50,0
DA:52,0
DA:54,0
DA:56,0
DA:58,0
DA:59,0
DA:60,0
DA:62,0
DA:63,0
DA:64,0
DA:65,0
DA:66,0
DA:68,0
DA:69,0
DA:70,0
DA:72,0
DA:74,0
DA:75,0
DA:77,0
DA:78,0
DA:81,0
DA:82,0
DA:84,0
DA:85,0
DA:90,0
DA:92,0
DA:95,0
DA:96,0
DA:100,0
DA:103,0
DA:106,0
DA:112,0
DA:115,0
DA:116,0
DA:117,0
DA:118,0
DA:124,0
DA:129,0
DA:132,0
DA:134,0
DA:136,0
DA:148,0
DA:149,0
DA:151,0
DA:152,0
DA:153,0
DA:163,0
DA:164,0
DA:167,0
LF:77
LH:0
end_of_record
SF:lib\widgets\modals\edit_note_modal.dart
DA:6,0
DA:8,0
DA:10,0
DA:14,0
DA:15,0
DA:17,0
DA:18,0
LF:7
LH:0
end_of_record
SF:lib\widgets\home_widgets\top_expense_widget.dart
DA:4,1
DA:6,1
DA:8,1
DA:10,1
DA:11,1
DA:12,1
DA:19,1
DA:20,1
DA:21,1
DA:23,3
DA:26,1
DA:27,1
DA:29,3
DA:30,3
DA:32,1
DA:34,2
DA:36,1
DA:38,1
DA:40,1
DA:41,1
DA:43,1
DA:44,1
DA:45,1
DA:46,1
DA:47,1
DA:48,1
DA:53,1
DA:54,3
DA:56,2
DA:57,3
DA:58,1
DA:60,1
DA:62,1
DA:63,1
DA:65,1
DA:66,1
DA:67,1
DA:68,1
DA:74,3
DA:80,1
DA:81,1
DA:82,1
DA:85,1
DA:86,1
DA:87,1
DA:95,1
LF:46
LH:46
end_of_record
SF:lib\widgets\home_widgets\budgets_widget.dart
DA:4,0
DA:6,0
DA:8,0
DA:9,0
DA:10,0
DA:12,0
DA:13,0
DA:14,0
DA:15,0
DA:17,0
DA:19,0
DA:21,0
DA:23,0
DA:25,0
DA:26,0
DA:28,0
DA:29,0
DA:30,0
DA:31,0
DA:32,0
DA:33,0
DA:36,0
DA:37,0
DA:39,0
DA:41,0
DA:47,0
DA:49,0
DA:51,0
DA:52,0
DA:54,0
DA:55,0
DA:58,0
DA:59,0
DA:62,0
DA:66,0
DA:67,0
DA:68,0
DA:70,0
DA:71,0
DA:73,0
DA:80,0
DA:81,0
DA:82,0
DA:83,0
DA:84,0
DA:90,0
DA:91,0
DA:92,0
DA:99,0
DA:100,0
DA:101,0
LF:51
LH:0
end_of_record
SF:lib\widgets\custom_dropdown.dart
DA:4,0
DA:19,0
DA:23,0
DA:24,0
DA:26,0
DA:27,0
DA:28,0
DA:30,0
DA:32,0
DA:35,0
DA:42,0
DA:43,0
DA:44,0
DA:45,0
DA:49,0
DA:50,0
DA:53,0
DA:54,0
DA:55,0
DA:56,0
DA:58,0
DA:59,0
DA:60,0
DA:63,0
DA:66,0
DA:67,0
DA:68,0
DA:73,0
DA:74,0
DA:76,0
DA:78,0
DA:79,0
DA:80,0
DA:81,0
DA:82,0
DA:83,0
DA:86,0
DA:88,0
DA:89,0
DA:90,0
LF:40
LH:0
end_of_record
SF:lib\widgets\modals\privacy_policy_modal.dart
DA:4,4
DA:6,0
DA:8,0
LF:3
LH:1
end_of_record
SF:lib\widgets\error_dialog.dart
DA:3,0
DA:4,0
DA:6,0
DA:8,0
DA:9,0
DA:10,0
DA:11,0
LF:7
LH:0
end_of_record
SF:lib\models\arus_kas.dart
DA:6,1
DA:9,0
DA:10,0
DA:11,0
DA:12,0
DA:13,0
LF:6
LH:1
end_of_record
SF:lib\services\arus_kas_service.dart
DA:6,0
DA:7,0
DA:8,0
DA:9,0
DA:11,0
DA:13,0
DA:16,0
DA:17,0
DA:18,0
DA:20,0
DA:21,0
LF:11
LH:0
end_of_record
SF:lib\bloc\bloc\note_by_wallet_event.dart
DA:7,0
LF:1
LH:0
end_of_record
SF:lib\bloc\bloc\note_by_wallet_state.dart
DA:11,0
DA:16,0
LF:2
LH:0
end_of_record
SF:lib\bloc\bloc\note_by_wallet_bloc.dart
DA:10,0
DA:11,0
DA:12,0
DA:14,0
DA:15,0
DA:16,0
DA:18,0
LF:7
LH:0
end_of_record
SF:lib\services\note_service.dart
DA:13,0
DA:14,0
DA:15,0
DA:16,0
DA:17,0
DA:18,0
DA:19,0
DA:20,0
DA:23,0
DA:24,0
DA:26,0
DA:30,0
DA:33,0
DA:34,0
DA:35,0
DA:36,0
DA:37,0
DA:38,0
DA:39,0
DA:42,0
DA:43,0
DA:45,0
DA:49,0
DA:52,0
DA:53,0
DA:54,0
DA:56,0
DA:57,0
DA:62,0
DA:63,0
DA:64,0
DA:66,0
DA:68,0
DA:69,0
DA:70,0
DA:71,0
DA:72,0
DA:73,0
DA:74,0
DA:75,0
DA:77,0
DA:80,0
DA:83,0
DA:88,0
DA:89,0
DA:90,0
DA:92,0
DA:93,0
DA:96,0
DA:98,0
DA:99,0
DA:101,0
DA:103,0
DA:104,0
DA:105,0
DA:106,0
DA:107,0
DA:108,0
DA:109,0
DA:110,0
DA:112,0
DA:115,0
DA:118,0
DA:119,0
DA:120,0
DA:122,0
DA:123,0
DA:124,0
DA:125,0
DA:126,0
DA:127,0
DA:128,0
DA:129,0
DA:130,0
DA:134,0
DA:137,0
DA:140,0
DA:141,0
DA:142,0
DA:143,0
DA:145,0
DA:149,0
DA:152,0
DA:153,0
DA:154,0
DA:155,0
DA:156,0
DA:158,0
DA:162,0
DA:163,0
DA:166,0
DA:168,0
DA:171,0
DA:173,0
DA:174,0
DA:175,0
DA:176,0
DA:178,0
DA:181,0
DA:182,0
DA:186,0
DA:187,0
DA:189,0
DA:192,0
DA:193,0
DA:194,0
DA:195,0
DA:197,0
DA:200,0
DA:201,0
LF:110
LH:0
end_of_record
SF:lib\bloc\budget_bloc\budget_bloc.dart
DA:10,0
DA:11,0
DA:12,0
DA:14,0
DA:15,0
DA:17,0
LF:6
LH:0
end_of_record
SF:lib\bloc\budget_bloc\budget_state.dart
DA:11,0
DA:16,0
LF:2
LH:0
end_of_record
SF:lib\models\budget.dart
DA:9,0
DA:18,0
DA:19,0
DA:20,0
DA:21,0
DA:22,0
DA:23,0
DA:24,0
DA:25,0
LF:9
LH:0
end_of_record
SF:lib\services\budget_service.dart
DA:8,0
DA:9,0
DA:10,0
DA:11,0
DA:13,0
DA:15,0
DA:16,0
LF:7
LH:0
end_of_record
SF:lib\bloc\note_bloc\note_state.dart
DA:12,0
DA:18,0
LF:2
LH:0
end_of_record
SF:lib\bloc\note_bloc\note_bloc.dart
DA:11,0
DA:12,0
DA:13,0
DA:15,0
DA:16,0
DA:17,0
DA:19,0
LF:7
LH:0
end_of_record
SF:lib\bloc\payment_planning_bloc\payment_planning_state.dart
DA:10,0
LF:1
LH:0
end_of_record
SF:lib\bloc\payment_planning_bloc\payment_planning_bloc.dart
DA:9,0
DA:10,0
DA:11,0
DA:12,0
DA:15,0
LF:5
LH:0
end_of_record
SF:lib\models\payment_planning.dart
DA:12,0
LF:1
LH:0
end_of_record
SF:lib\services\payment_planning_service.dart
DA:6,0
DA:7,0
DA:9,0
DA:10,0
DA:12,0
DA:13,0
DA:14,0
DA:15,0
DA:16,0
DA:17,0
DA:18,0
DA:19,0
DA:20,0
DA:21,0
DA:24,0
DA:32,0
DA:33,0
DA:34,0
DA:35,0
DA:36,0
DA:37,0
DA:38,0
DA:39,0
DA:40,0
DA:41,0
DA:44,0
DA:48,0
DA:51,0
DA:52,0
DA:54,0
DA:55,0
DA:57,0
DA:58,0
DA:59,0
DA:60,0
DA:61,0
DA:62,0
DA:63,0
DA:64,0
DA:65,0
DA:72,0
DA:73,0
DA:74,0
DA:75,0
DA:79,0
LF:45
LH:0
end_of_record
SF:lib\bloc\payment_planning_detail_bloc\payment_planning_detail_event.dart
DA:8,0
LF:1
LH:0
end_of_record
SF:lib\bloc\payment_planning_detail_bloc\payment_planning_detail_state.dart
DA:10,0
LF:1
LH:0
end_of_record
SF:lib\bloc\payment_planning_detail_bloc\payment_planning_detail_bloc.dart
DA:8,0
DA:9,0
DA:10,0
DA:13,0
DA:14,0
LF:5
LH:0
end_of_record
SF:lib\bloc\planned_payment_dash_bloc\payment_planned_dash_bloc.dart
DA:11,0
DA:12,0
DA:13,0
DA:15,0
DA:16,0
DA:18,0
LF:6
LH:0
end_of_record
SF:lib\bloc\planned_payment_dash_bloc\payment_planned_dash_state.dart
DA:11,0
DA:16,0
LF:2
LH:0
end_of_record
SF:lib\models\planned_payment_dash.dart
DA:13,0
DA:26,0
DA:27,0
DA:28,0
DA:29,0
DA:30,0
DA:31,0
DA:32,0
DA:33,0
DA:34,0
DA:35,0
DA:36,0
DA:38,0
LF:13
LH:0
end_of_record
SF:lib\services\planned_payment_dash_service.dart
DA:6,0
DA:7,0
DA:8,0
DA:9,0
DA:11,0
DA:13,0
DA:16,0
DA:17,0
DA:18,0
DA:19,0
DA:20,0
DA:22,0
DA:23,0
LF:13
LH:0
end_of_record
SF:lib\bloc\top_expense_bloc\top_expense_state.dart
DA:11,1
DA:16,1
LF:2
LH:2
end_of_record
SF:lib\bloc\top_expense_bloc\top_expense_bloc.dart
DA:10,0
DA:11,0
DA:12,0
DA:14,0
DA:15,0
DA:17,0
LF:6
LH:0
end_of_record
SF:lib\models\top_expense.dart
DA:5,1
DA:7,0
DA:8,0
DA:9,0
DA:10,0
LF:5
LH:1
end_of_record
SF:lib\services\top_expense_service.dart
DA:6,0
DA:7,0
DA:8,0
DA:9,0
DA:11,0
DA:13,0
DA:16,0
DA:17,0
DA:18,0
DA:19,0
DA:20,0
DA:22,0
DA:23,0
LF:13
LH:0
end_of_record
SF:lib\bloc\trend_saldo_bloc\trend_saldo_state.dart
DA:12,1
DA:17,1
LF:2
LH:2
end_of_record
SF:lib\bloc\trend_saldo_bloc\trend_saldo_bloc.dart
DA:10,0
DA:11,0
DA:12,0
DA:14,0
DA:15,0
DA:16,0
DA:18,0
LF:7
LH:0
end_of_record
SF:lib\services\trend_saldo_service.dart
DA:6,0
DA:7,0
DA:8,0
DA:9,0
DA:11,0
DA:13,0
DA:16,0
DA:17,0
DA:18,0
DA:19,0
DA:20,0
DA:21,0
DA:23,0
DA:25,0
DA:26,0
DA:27,0
DA:28,0
DA:30,0
DA:31,0
DA:32,0
DA:33,0
DA:34,0
DA:35,0
DA:36,0
DA:38,0
DA:39,0
DA:40,0
DA:44,0
DA:45,0
LF:29
LH:0
end_of_record
SF:lib\models\trend_saldo.dart
DA:5,1
DA:7,0
DA:8,0
DA:9,0
DA:10,0
LF:5
LH:1
end_of_record
SF:lib\bloc\user_bloc\user_state.dart
DA:11,0
DA:16,0
LF:2
LH:0
end_of_record
SF:lib\bloc\user_bloc\user_bloc.dart
DA:11,0
DA:12,0
DA:13,0
DA:16,0
DA:17,0
DA:19,0
LF:6
LH:0
end_of_record
SF:lib\bloc\wallet_bloc\wallet_state.dart
DA:11,0
DA:16,0
DA:21,0
LF:3
LH:0
end_of_record
SF:lib\bloc\wallet_bloc\wallet_bloc.dart
DA:11,0
DA:12,0
DA:13,0
DA:15,0
DA:16,0
DA:17,0
DA:19,0
DA:23,0
DA:24,0
DA:26,0
DA:27,0
DA:29,0
LF:12
LH:0
end_of_record
SF:lib\bloc\wallet_bloc\wallet_event.dart
DA:9,0
LF:1
LH:0
end_of_record
SF:lib\services\wallet_service.dart
DA:9,0
DA:10,0
DA:11,0
DA:12,0
DA:13,0
DA:14,0
DA:18,0
DA:19,0
DA:20,0
DA:21,0
DA:25,0
DA:26,0
DA:27,0
DA:28,0
DA:29,0
DA:31,0
DA:32,0
DA:36,0
DA:37,0
DA:38,0
DA:41,0
DA:43,0
DA:45,0
DA:46,0
DA:47,0
DA:49,0
DA:50,0
DA:54,0
DA:55,0
DA:56,0
DA:57,0
DA:58,0
DA:60,0
DA:61,0
DA:65,0
DA:67,0
DA:68,0
DA:71,0
DA:72,0
DA:76,0
DA:77,0
DA:78,0
DA:81,0
DA:82,0
LF:44
LH:0
end_of_record
SF:lib\models\wallet.dart
DA:7,0
LF:1
LH:0
end_of_record
SF:lib\bloc\wallet_trend_bloc\wallet_trend_state.dart
DA:13,0
DA:19,0
LF:2
LH:0
end_of_record
SF:lib\bloc\wallet_trend_bloc\wallet_trend_event.dart
DA:8,0
LF:1
LH:0
end_of_record
SF:lib\bloc\wallet_trend_bloc\wallet_trend_bloc.dart
DA:10,0
DA:11,0
DA:12,0
DA:15,0
DA:16,0
DA:17,0
DA:18,0
DA:21,0
LF:8
LH:0
end_of_record
SF:lib\models\custom_dropdown_model.dart
DA:5,0
DA:7,0
DA:8,0
DA:10,0
DA:11,0
DA:13,0
DA:14,0
LF:7
LH:0
end_of_record
SF:lib\pages\payment_planning_page.dart
DA:4,0
DA:6,0
DA:7,0
DA:11,0
DA:13,0
DA:14,0
DA:15,0
DA:16,0
DA:17,0
DA:18,0
DA:19,0
DA:20,0
DA:21,0
DA:22,0
DA:23,0
DA:28,0
DA:31,0
DA:34,0
DA:35,0
DA:36,0
DA:37,0
DA:39,0
LF:22
LH:0
end_of_record
SF:lib\pages\web_view_page.dart
DA:5,0
DA:7,0
DA:8,0
DA:15,0
DA:17,0
DA:18,0
DA:19,0
DA:20,0
DA:21,0
DA:22,0
DA:23,0
DA:24,0
DA:25,0
DA:30,0
DA:31,0
DA:32,0
DA:35,0
DA:38,0
DA:41,0
DA:43,0
DA:44,0
DA:45,0
DA:46,0
DA:47,0
DA:48,0
LF:25
LH:0
end_of_record
SF:lib\pages\budget_planning_page.dart
DA:4,0
DA:6,0
DA:7,0
DA:11,0
DA:13,0
DA:14,0
DA:15,0
DA:17,0
DA:18,0
DA:19,0
DA:22,0
DA:24,0
DA:25,0
DA:29,0
DA:30,0
DA:31,0
DA:32,0
DA:33,0
DA:35,0
DA:36,0
DA:37,0
DA:38,0
DA:39,0
DA:40,0
DA:41,0
DA:43,0
DA:50,0
DA:51,0
DA:52,0
DA:53,0
DA:56,0
DA:57,0
DA:59,0
DA:61,0
DA:63,0
DA:64,0
DA:66,0
DA:68,0
DA:70,0
DA:77,0
DA:78,0
DA:81,0
DA:83,0
DA:85,0
DA:88,0
DA:90,0
DA:94,0
DA:95,0
DA:97,0
DA:99,0
DA:103,0
DA:104,0
DA:106,0
DA:109,0
DA:112,0
LF:55
LH:0
end_of_record
SF:lib\pages\splashscreen_page.dart
DA:4,0
DA:6,0
DA:7,0
DA:11,0
DA:12,0
DA:13,0
DA:15,0
DA:18,0
DA:19,0
DA:23,0
DA:26,0
DA:28,0
DA:29,0
DA:32,0
DA:34,0
DA:35,0
DA:46,0
DA:47,0
DA:49,0
DA:50,0
LF:20
LH:0
end_of_record
SF:lib\pages\profile_page.dart
DA:4,4
DA:6,0
DA:7,0
DA:11,0
DA:13,0
DA:16,0
DA:18,0
DA:21,0
DA:22,0
DA:24,0
DA:25,0
DA:28,0
DA:32,0
DA:33,0
DA:34,0
DA:39,0
DA:41,0
DA:42,0
DA:43,0
DA:47,0
DA:48,0
DA:49,0
DA:50,0
DA:51,0
DA:53,0
DA:55,0
DA:56,0
DA:57,0
DA:68,0
DA:69,0
DA:70,0
DA:71,0
DA:74,0
DA:75,0
DA:77,0
DA:83,0
DA:85,0
DA:86,0
DA:88,0
DA:89,0
DA:91,0
DA:95,0
DA:96,0
DA:97,0
DA:100,0
DA:101,0
DA:102,0
DA:103,0
DA:106,0
DA:113,0
DA:114,0
DA:115,0
DA:118,0
DA:119,0
DA:121,0
DA:124,0
DA:125,0
DA:128,0
DA:130,0
DA:140,0
DA:141,0
DA:147,0
DA:149,0
DA:150,0
DA:151,0
DA:152,0
DA:153,0
DA:154,0
DA:155,0
DA:158,0
DA:160,0
DA:182,0
DA:183,0
DA:184,0
DA:187,0
DA:189,0
DA:191,0
DA:192,0
DA:194,0
DA:198,0
DA:205,0
DA:207,0
DA:208,0
DA:209,0
DA:211,0
DA:214,0
DA:215,0
DA:216,0
DA:221,0
DA:222,0
DA:223,0
DA:225,0
DA:228,0
DA:234,0
DA:237,0
DA:240,0
DA:243,0
DA:246,0
DA:249,0
DA:253,0
DA:256,0
DA:262,0
DA:265,0
DA:266,0
DA:267,0
LF:105
LH:1
end_of_record
SF:lib\pages\main_page.dart
DA:4,0
DA:6,0
DA:7,0
DA:19,0
DA:21,0
DA:22,0
DA:23,0
DA:26,0
DA:27,0
DA:28,0
DA:29,0
DA:32,0
DA:33,0
DA:34,0
DA:37,0
DA:38,0
DA:41,0
DA:43,0
DA:46,0
DA:47,0
LF:20
LH:0
end_of_record
SF:lib\pages\wallet_detail_page.dart
DA:6,0
DA:8,0
DA:10,0
DA:11,0
DA:12,0
DA:13,0
DA:15,0
DA:16,0
DA:18,0
DA:19,0
DA:25,0
DA:26,0
DA:27,0
DA:28,0
DA:29,0
DA:30,0
DA:32,0
DA:33,0
DA:35,0
DA:36,0
DA:45,0
DA:47,0
DA:48,0
DA:49,0
DA:51,0
DA:52,0
DA:53,0
DA:54,0
DA:55,0
DA:57,0
DA:61,0
DA:62,0
DA:64,0
DA:76,0
LF:34
LH:0
end_of_record
SF:lib\pages\register_page.dart
DA:4,1
DA:6,1
DA:7,1
DA:22,1
DA:23,3
DA:25,0
DA:26,0
DA:30,0
DA:32,0
DA:33,0
DA:34,0
DA:35,0
DA:39,0
DA:43,0
DA:45,0
DA:46,0
DA:51,0
DA:52,0
DA:53,0
DA:54,0
DA:57,1
DA:59,2
DA:60,2
DA:61,2
DA:62,2
DA:63,2
DA:64,2
DA:65,1
DA:68,1
DA:70,1
DA:71,1
DA:72,1
DA:73,1
DA:74,1
DA:75,1
DA:83,1
DA:84,1
DA:87,1
DA:97,1
DA:98,1
DA:100,1
DA:102,1
DA:103,1
DA:104,1
DA:105,1
DA:106,1
DA:107,1
DA:109,1
DA:110,1
DA:112,2
DA:115,1
DA:117,1
DA:118,1
DA:120,1
DA:121,1
DA:122,2
DA:127,1
DA:129,1
DA:130,1
DA:131,1
DA:132,1
DA:133,2
DA:140,2
DA:142,1
DA:144,1
DA:145,1
DA:147,1
DA:150,1
DA:151,0
DA:152,0
DA:154,1
DA:156,1
DA:168,1
LF:73
LH:56
end_of_record
SF:lib\widgets\hold_action_fab.dart
DA:4,4
DA:6,0
DA:7,0
DA:23,0
DA:25,0
DA:26,0
DA:28,0
DA:29,0
DA:30,0
DA:31,0
DA:32,0
DA:33,0
DA:35,0
DA:36,0
DA:38,0
DA:39,0
DA:40,0
DA:41,0
DA:42,0
DA:44,0
DA:45,0
DA:46,0
DA:47,0
DA:50,0
DA:51,0
DA:52,0
DA:53,0
DA:54,0
DA:55,0
DA:56,0
DA:61,0
DA:62,0
DA:63,0
DA:64,0
DA:66,0
DA:69,0
DA:71,0
DA:72,0
DA:73,0
DA:74,0
DA:76,0
DA:77,0
DA:80,0
DA:81,0
DA:82,0
DA:83,0
DA:84,0
DA:85,0
DA:89,0
DA:91,0
DA:92,0
DA:97,0
DA:103,0
DA:104,0
DA:106,0
DA:111,0
DA:113,0
DA:119,0
DA:120,0
DA:143,0
DA:146,0
DA:148,0
DA:149,0
DA:150,0
DA:152,0
DA:155,0
DA:157,0
DA:163,0
DA:165,0
DA:166,0
DA:171,0
DA:174,0
DA:175,0
DA:176,0
DA:177,0
DA:178,0
DA:179,0
DA:183,0
DA:185,0
DA:186,0
DA:187,0
DA:189,0
DA:192,0
DA:194,0
DA:200,0
DA:201,0
DA:202,0
DA:207,0
DA:210,0
DA:211,0
DA:212,0
DA:213,0
DA:214,0
DA:217,0
DA:219,0
DA:220,0
DA:221,0
DA:224,0
DA:226,0
DA:227,0
DA:228,0
DA:231,0
DA:234,0
DA:238,0
DA:240,0
DA:241,0
DA:242,0
DA:243,0
DA:244,0
DA:245,0
DA:246,0
DA:248,0
DA:258,0
DA:262,0
DA:264,0
DA:265,0
DA:266,0
DA:267,0
DA:270,0
LF:119
LH:1
end_of_record
SF:lib\pages\payment_planning_detail_page.dart
DA:4,0
DA:6,0
DA:7,0
DA:14,0
DA:16,0
DA:17,0
DA:18,0
DA:20,0
DA:22,0
DA:24,0
DA:25,0
DA:26,0
DA:28,0
DA:30,0
DA:31,0
DA:32,0
DA:33,0
DA:34,0
DA:37,0
DA:38,0
DA:39,0
DA:40,0
DA:42,0
DA:43,0
DA:44,0
DA:46,0
DA:47,0
DA:49,0
DA:50,0
DA:51,0
DA:54,0
DA:55,0
DA:60,0
DA:62,0
DA:77,0
DA:82,0
DA:83,0
DA:84,0
DA:85,0
DA:87,0
DA:89,0
DA:90,0
DA:92,0
DA:95,0
DA:96,0
DA:97,0
DA:99,0
DA:101,0
DA:106,0
DA:107,0
DA:108,0
DA:109,0
DA:110,0
DA:111,0
DA:112,0
DA:114,0
DA:116,0
DA:123,0
DA:124,0
DA:125,0
DA:126,0
DA:128,0
DA:130,0
DA:131,0
DA:133,0
DA:136,0
DA:138,0
DA:139,0
DA:140,0
DA:141,0
DA:143,0
DA:145,0
DA:149,0
DA:151,0
DA:163,0
DA:164,0
DA:165,0
DA:166,0
DA:167,0
DA:168,0
DA:169,0
DA:171,0
DA:173,0
DA:176,0
DA:177,0
DA:178,0
DA:180,0
DA:181,0
DA:182,0
DA:184,0
DA:185,0
DA:186,0
DA:190,0
DA:192,0
DA:193,0
DA:195,0
DA:196,0
DA:198,0
DA:200,0
DA:204,0
DA:206,0
DA:207,0
DA:209,0
DA:211,0
DA:215,0
DA:216,0
DA:218,0
DA:219,0
DA:221,0
DA:223,0
LF:110
LH:0
end_of_record
SF:lib\pages\home_page.dart
DA:6,4
DA:8,0
DA:9,0
DA:13,0
DA:15,0
DA:16,0
DA:17,0
DA:25,0
DA:27,0
DA:29,0
DA:31,0
DA:33,0
DA:35,0
DA:37,0
DA:39,0
DA:41,0
LF:16
LH:1
end_of_record
SF:lib\pages\transaction_history_page.dart
DA:4,4
DA:6,0
DA:7,0
DA:13,0
DA:15,0
DA:17,0
DA:18,0
DA:19,0
DA:22,0
DA:23,0
DA:24,0
DA:28,0
DA:29,0
DA:30,0
DA:34,0
DA:36,0
DA:37,0
DA:40,0
DA:41,0
DA:42,0
DA:43,0
DA:44,0
DA:48,0
DA:49,0
DA:50,0
DA:52,0
DA:53,0
DA:55,0
DA:59,0
DA:61,0
DA:62,0
DA:64,0
DA:65,0
DA:68,0
DA:70,0
DA:71,0
DA:72,0
DA:74,0
DA:76,0
DA:77,0
DA:80,0
DA:88,0
DA:89,0
DA:90,0
DA:91,0
DA:92,0
DA:93,0
DA:96,0
DA:98,0
DA:99,0
DA:100,0
DA:101,0
DA:107,0
DA:109,0
DA:121,0
DA:123,0
DA:124,0
DA:125,0
DA:136,0
DA:139,0
DA:140,0
DA:141,0
DA:144,0
DA:145,0
DA:149,0
DA:153,0
DA:157,0
DA:161,0
DA:165,0
DA:169,0
DA:173,0
DA:177,0
DA:181,0
DA:185,0
DA:189,0
DA:198,0
DA:199,0
DA:201,0
DA:203,0
DA:205,0
DA:207,0
DA:208,0
DA:209,0
DA:210,0
DA:213,0
DA:216,0
DA:217,0
DA:218,0
DA:220,0
DA:221,0
DA:222,0
DA:224,0
DA:226,0
DA:227,0
DA:228,0
DA:229,0
DA:236,0
DA:239,0
DA:240,0
DA:242,0
DA:249,0
DA:250,0
LF:102
LH:1
end_of_record
SF:lib\pages\edit_note_page.dart
DA:6,0
DA:8,0
DA:9,0
DA:22,0
DA:24,0
DA:26,0
DA:27,0
DA:28,0
DA:29,0
DA:30,0
DA:31,0
DA:32,0
DA:33,0
DA:35,0
DA:36,0
DA:37,0
DA:38,0
DA:39,0
DA:41,0
DA:45,0
DA:46,0
DA:47,0
DA:48,0
DA:49,0
DA:50,0
DA:51,0
DA:54,0
DA:56,0
DA:57,0
DA:58,0
DA:64,0
DA:65,0
DA:71,0
DA:74,0
DA:75,0
DA:76,0
DA:77,0
DA:79,0
DA:80,0
DA:81,0
DA:85,0
DA:88,0
DA:89,0
DA:90,0
DA:95,0
DA:96,0
DA:99,0
DA:103,0
DA:105,0
DA:107,0
DA:113,0
DA:115,0
DA:118,0
DA:119,0
DA:120,0
DA:122,0
DA:123,0
DA:124,0
DA:125,0
DA:126,0
DA:127,0
DA:135,0
DA:143,0
DA:144,0
DA:145,0
DA:146,0
DA:154,0
DA:167,0
DA:168,0
DA:170,0
DA:171,0
DA:172,0
DA:174,0
DA:176,0
DA:177,0
DA:178,0
DA:181,0
DA:185,0
DA:187,0
DA:189,0
DA:190,0
DA:192,0
DA:194,0
DA:195,0
DA:196,0
DA:198,0
DA:200,0
DA:201,0
DA:208,0
DA:209,0
DA:210,0
DA:212,0
DA:213,0
DA:214,0
DA:216,0
DA:217,0
DA:221,0
DA:224,0
DA:225,0
DA:226,0
DA:234,0
DA:236,0
DA:238,0
DA:240,0
DA:248,0
DA:251,0
DA:252,0
DA:256,0
DA:257,0
DA:258,0
DA:259,0
DA:260,0
DA:261,0
DA:262,0
DA:263,0
DA:273,0
DA:275,0
DA:277,0
DA:279,0
DA:287,0
DA:290,0
DA:291,0
DA:295,0
DA:296,0
DA:297,0
DA:305,0
DA:306,0
DA:307,0
DA:311,0
DA:312,0
DA:316,0
DA:317,0
DA:321,0
DA:322,0
DA:323,0
DA:325,0
DA:327,0
DA:336,0
DA:337,0
DA:338,0
DA:340,0
DA:341,0
DA:342,0
DA:353,0
DA:355,0
DA:357,0
DA:359,0
DA:368,0
DA:369,0
DA:372,0
DA:373,0
DA:375,0
DA:376,0
DA:377,0
DA:380,0
DA:388,0
DA:390,0
DA:391,0
DA:392,0
DA:396,0
LF:160
LH:0
end_of_record
SF:lib\pages\login_page.dart
DA:4,1
DA:6,1
DA:7,1
DA:20,1
DA:21,3
DA:23,2
DA:24,1
DA:28,1
DA:30,6
DA:33,0
DA:37,0
DA:39,0
DA:40,0
DA:45,0
DA:46,0
DA:47,0
DA:50,1
DA:52,2
DA:53,2
DA:54,2
DA:55,2
DA:56,1
DA:59,1
DA:61,1
DA:62,1
DA:63,1
DA:64,1
DA:65,1
DA:66,1
DA:74,1
DA:75,1
DA:78,1
DA:88,1
DA:89,1
DA:91,1
DA:93,1
DA:94,1
DA:95,1
DA:96,1
DA:97,1
DA:98,1
DA:100,1
DA:101,1
DA:103,1
DA:104,1
DA:105,2
DA:110,1
DA:111,1
DA:112,1
DA:113,2
DA:116,2
DA:118,1
DA:120,1
DA:121,1
DA:123,1
DA:126,1
DA:127,0
DA:128,0
DA:130,1
DA:132,1
DA:144,2
LF:61
LH:52
end_of_record
SF:lib\pages\planning_page.dart
DA:4,4
DA:6,0
DA:8,0
DA:9,0
DA:11,0
DA:12,0
DA:14,0
DA:15,0
DA:16,0
DA:17,0
DA:18,0
DA:20,0
DA:21,0
DA:22,0
DA:23,0
DA:24,0
DA:26,0
DA:28,0
DA:29,0
DA:31,0
DA:32,0
DA:34,0
DA:37,0
DA:39,0
DA:44,0
DA:47,0
DA:49,0
DA:51,0
DA:58,0
DA:59,0
DA:60,0
DA:62,0
DA:63,0
DA:64,0
DA:65,0
DA:66,0
DA:68,0
DA:70,0
DA:71,0
DA:73,0
DA:74,0
DA:76,0
DA:79,0
DA:81,0
DA:86,0
DA:89,0
DA:91,0
DA:93,0
LF:48
LH:1
end_of_record
SF:lib\pages\add_payment_planning_page.dart
DA:4,0
DA:6,0
DA:7,0
DA:26,0
DA:27,0
DA:29,0
DA:30,0
DA:34,0
DA:35,0
DA:36,0
DA:39,0
DA:41,0
DA:42,0
DA:43,0
DA:44,0
DA:45,0
DA:46,0
DA:47,0
DA:48,0
DA:53,0
DA:54,0
DA:57,0
DA:59,0
DA:60,0
DA:65,0
DA:67,0
DA:69,0
DA:72,0
DA:74,0
DA:75,0
DA:76,0
DA:78,0
DA:79,0
DA:80,0
DA:81,0
DA:82,0
DA:84,0
DA:85,0
DA:86,0
DA:88,0
DA:89,0
DA:90,0
DA:91,0
DA:92,0
DA:94,0
DA:96,0
DA:97,0
DA:98,0
DA:100,0
DA:103,0
DA:106,0
DA:109,0
DA:112,0
DA:113,0
DA:114,0
DA:115,0
DA:116,0
DA:121,0
DA:124,0
DA:127,0
DA:130,0
DA:131,0
DA:132,0
DA:133,0
DA:134,0
DA:139,0
DA:141,0
DA:144,0
DA:145,0
DA:146,0
DA:147,0
DA:148,0
DA:158,0
DA:162,0
DA:167,0
LF:75
LH:0
end_of_record
SF:lib\utils\thousands_separator_input_formatter.dart
DA:5,0
DA:7,0
DA:8,0
DA:11,0
DA:16,0
DA:17,0
DA:20,0
DA:21,0
DA:23,0
LF:9
LH:0
end_of_record
SF:lib\utils\capitalize_first_letter_formatter.dart
DA:4,1
DA:6,2
DA:8,6
DA:9,1
DA:11,2
LF:5
LH:5
end_of_record
SF:lib\utils\custom_snackbar.dart
DA:4,0
DA:5,0
DA:6,0
DA:7,0
DA:15,0
DA:16,0
DA:23,0
DA:24,0
DA:25,0
DA:26,0
DA:33,0
DA:34,0
LF:12
LH:0
end_of_record
SF:lib\bloc\trend_saldo_bloc\trend_saldo_event.dart
LF:0
LH:0
end_of_record
SF:lib\bloc\budget_bloc\budget_event.dart
LF:0
LH:0
end_of_record
SF:lib\bloc\payment_planning_bloc\payment_planning_event.dart
LF:0
LH:0
end_of_record
SF:lib\bloc\user_bloc\user_event.dart
LF:0
LH:0
end_of_record
SF:lib\bloc\top_expense_bloc\top_expense_event.dart
LF:0
LH:0
end_of_record
